
> portfolio@0.1.0 dev
> next dev

   ▲ Next.js 15.4.9
   - Local:        http://localhost:3000
   - Network:      http://192.168.0.2:3000

 ✓ Starting...
 ✓ Ready in 1954ms
 ○ Compiling / ...
 ✓ Compiled / in 21.3s (1529 modules)
 GET / 200 in 24327ms
 ✓ Compiled in 1060ms (1510 modules)
 ⨯ ./src/app/layout.tsx:5:1
Module not found: Can't resolve '@/components/ParticleBackground'
  3 | import { Nav } from "@/components/Nav";
  4 | import { CursorGlow } from "@/components/CursorGlow";
> 5 | import { ParticleBackground } from "@/components/ParticleBackground";
    | ^
  6 |
  7 | const siteUrl =
  8 |   process.env.NEXT_PUBLIC_SITE_URL ||

https://nextjs.org/docs/messages/module-not-found
 ✓ Compiled in 702ms (1506 modules)
